<?xml version="1.0" encoding="UTF-8"?>
<!-- Generated by org.testng.reporters.JUnitReportReporter -->
<testsuite hostname="LAPTOP-BT5LSUNM" failures="0" tests="1" name="com.crm.comcast.SDET32_GitPratice.ClassC" time="0.010" errors="0" timestamp="2022-04-14T11:34:17 IST" skipped="0">
  <testcase classname="com.crm.comcast.SDET32_GitPratice.ClassC" name="demoTest" time="0.010"/>
  <system-out/>
</testsuite> <!-- com.crm.comcast.SDET32_GitPratice.ClassC -->
